W0422 14:50:33.485000 139854031557696 torch/distributed/run.py:779] 
W0422 14:50:33.485000 139854031557696 torch/distributed/run.py:779] *****************************************
W0422 14:50:33.485000 139854031557696 torch/distributed/run.py:779] Setting OMP_NUM_THREADS environment variable for each process to be 1 in default, to avoid your system being overloaded, please further tune the variable for optimal performance in your application as needed. 
W0422 14:50:33.485000 139854031557696 torch/distributed/run.py:779] *****************************************
/home/hugoz/.local/lib/python3.10/site-packages/transformers/training_args.py:1525: FutureWarning: `evaluation_strategy` is deprecated and will be removed in version 4.46 of 🤗 Transformers. Use `eval_strategy` instead
  warnings.warn(
/home/hugoz/.local/lib/python3.10/site-packages/transformers/training_args.py:1525: FutureWarning: `evaluation_strategy` is deprecated and will be removed in version 4.46 of 🤗 Transformers. Use `eval_strategy` instead
  warnings.warn(
[W422 14:51:05.404265800 CUDAAllocatorConfig.h:28] Warning: expandable_segments not supported on this platform (function operator())
[W422 14:51:05.409371215 CUDAAllocatorConfig.h:28] Warning: expandable_segments not supported on this platform (function operator())
Using the latest cached version of the dataset since HugoZeballos/original-audio-dataset-with-inferencesofwhysper-and-metrics couldn't be found on the Hugging Face Hub
Using the latest cached version of the dataset since HugoZeballos/original-audio-dataset-with-inferencesofwhysper-and-metrics couldn't be found on the Hugging Face Hub
Found the latest cached dataset configuration 'default' at datasets_cache/HugoZeballos___original-audio-dataset-with-inferencesofwhysper-and-metrics/default/0.0.0/6814c420edb0d06914b504e4b67e8e5277d8cf40 (last modified on Tue Apr 22 10:15:49 2025).
Found the latest cached dataset configuration 'default' at datasets_cache/HugoZeballos___original-audio-dataset-with-inferencesofwhysper-and-metrics/default/0.0.0/6814c420edb0d06914b504e4b67e8e5277d8cf40 (last modified on Tue Apr 22 10:15:49 2025).
🔄 Cross-validation Progress:   0%|          | 0/10 [00:00<?, ?it/s]🔄 Cross-validation Progress:   0%|          | 0/10 [00:00<?, ?it/s]You are adding a <class 'transformers.integrations.integration_utils.MLflowCallback'> to the callbacks of this Trainer, but there is already one. The currentlist of callbacks is
:DefaultFlowCallback
MLflowCallback
EarlyStoppingCallback
You are adding a <class 'transformers.integrations.integration_utils.MLflowCallback'> to the callbacks of this Trainer, but there is already one. The currentlist of callbacks is
:DefaultFlowCallback
MLflowCallback
EarlyStoppingCallback
2025/04/22 14:52:00 INFO mlflow.tracking.fluent: Experiment with name 'whisper_small_threshold_0.1' does not exist. Creating a new experiment.
2025/04/22 14:52:00 INFO mlflow.tracking.fluent: Experiment with name 'whisper_small_threshold_0.1' does not exist. Creating a new experiment.
🔄 Cross-validation Progress:   0%|          | 0/10 [00:19<?, ?it/s]
[rank1]: Traceback (most recent call last):
[rank1]:   File "/mnt/ialabnas/homes/hugoz/asr-data-cleaning/main.py", line 25, in <module>
[rank1]:     train(cfg)
[rank1]:   File "/mnt/ialabnas/homes/hugoz/asr-data-cleaning/train.py", line 141, in train
[rank1]:     mlflow.set_experiment(cfg["mlflow_experiment"])
[rank1]:   File "/home/hugoz/.local/lib/python3.10/site-packages/mlflow/tracking/fluent.py", line 153, in set_experiment
[rank1]:     experiment_id = client.create_experiment(experiment_name)
[rank1]:   File "/home/hugoz/.local/lib/python3.10/site-packages/mlflow/tracking/client.py", line 1303, in create_experiment
[rank1]:     return self._tracking_client.create_experiment(name, artifact_location, tags)
[rank1]:   File "/home/hugoz/.local/lib/python3.10/site-packages/mlflow/tracking/_tracking_service/client.py", line 501, in create_experiment
[rank1]:     return self.store.create_experiment(
[rank1]:   File "/home/hugoz/.local/lib/python3.10/site-packages/mlflow/store/tracking/rest_store.py", line 123, in create_experiment
[rank1]:     response_proto = self._call_endpoint(CreateExperiment, req_body)
[rank1]:   File "/home/hugoz/.local/lib/python3.10/site-packages/mlflow/store/tracking/rest_store.py", line 82, in _call_endpoint
[rank1]:     return call_endpoint(self.get_host_creds(), endpoint, method, json_body, response_proto)
[rank1]:   File "/home/hugoz/.local/lib/python3.10/site-packages/mlflow/utils/rest_utils.py", line 363, in call_endpoint
[rank1]:     response = verify_rest_response(response, endpoint)
[rank1]:   File "/home/hugoz/.local/lib/python3.10/site-packages/mlflow/utils/rest_utils.py", line 233, in verify_rest_response
[rank1]:     raise RestException(json.loads(response.text))
[rank1]: mlflow.exceptions.RestException: RESOURCE_ALREADY_EXISTS: Experiment(name=whisper_small_threshold_0.1) already exists. Error: (raised as a result of Query-invoked autoflush; consider using a session.no_autoflush block if this flush is occurring prematurely)
[rank1]: (psycopg2.errors.UniqueViolation) duplicate key value violates unique constraint "experiments_name_key"
[rank1]: DETAIL:  Key (name)=(whisper_small_threshold_0.1) already exists.

[rank1]: [SQL: INSERT INTO experiments (name, artifact_location, lifecycle_stage, creation_time, last_update_time) VALUES (%(name)s, %(artifact_location)s, %(lifecycle_stage)s, %(creation_time)s, %(last_update_time)s) RETURNING experiments.experiment_id]
[rank1]: [parameters: {'name': 'whisper_small_threshold_0.1', 'artifact_location': '', 'lifecycle_stage': 'active', 'creation_time': 1745347920458, 'last_update_time': 1745347920458}]
[rank1]: (Background on this error at: https://sqlalche.me/e/20/gkpj)

🏋️ Fold 1:   0%|          | 0/1 [00:00<?, ?it/s][AW0422 14:52:01.640000 139854031557696 torch/distributed/elastic/multiprocessing/api.py:858] Sending process 1113866 closing signal SIGTERM
/home/hugoz/storage/miniconda3/envs/whisper_env/lib/python3.10/multiprocessing/resource_tracker.py:224: UserWarning: resource_tracker: There appear to be 1 leaked semaphore objects to clean up at shutdown
  warnings.warn('resource_tracker: There appear to be %d '
E0422 14:52:01.855000 139854031557696 torch/distributed/elastic/multiprocessing/api.py:833] failed (exitcode: 1) local_rank: 1 (pid: 1113867) of binary: /home/hugoz/storage/miniconda3/envs/whisper_env/bin/python
Traceback (most recent call last):
  File "/home/hugoz/storage/miniconda3/envs/whisper_env/bin/torchrun", line 8, in <module>
    sys.exit(main())
  File "/home/hugoz/storage/miniconda3/envs/whisper_env/lib/python3.10/site-packages/torch/distributed/elastic/multiprocessing/errors/__init__.py", line 348, in wrapper
    return f(*args, **kwargs)
  File "/home/hugoz/storage/miniconda3/envs/whisper_env/lib/python3.10/site-packages/torch/distributed/run.py", line 901, in main
    run(args)
  File "/home/hugoz/storage/miniconda3/envs/whisper_env/lib/python3.10/site-packages/torch/distributed/run.py", line 892, in run
    elastic_launch(
  File "/home/hugoz/storage/miniconda3/envs/whisper_env/lib/python3.10/site-packages/torch/distributed/launcher/api.py", line 133, in __call__
    return launch_agent(self._config, self._entrypoint, list(args))
  File "/home/hugoz/storage/miniconda3/envs/whisper_env/lib/python3.10/site-packages/torch/distributed/launcher/api.py", line 264, in launch_agent
    raise ChildFailedError(
torch.distributed.elastic.multiprocessing.errors.ChildFailedError: 
============================================================
main.py FAILED
------------------------------------------------------------
Failures:
  <NO_OTHER_FAILURES>
------------------------------------------------------------
Root Cause (first observed failure):
[0]:
  time      : 2025-04-22_14:52:01
  host      : hydra.ing.puc.cl
  rank      : 1 (local_rank: 1)
  exitcode  : 1 (pid: 1113867)
  error_file: <N/A>
  traceback : To enable traceback see: https://pytorch.org/docs/stable/elastic/errors.html
============================================================
