W0421 11:31:39.992000 139937950667840 torch/distributed/run.py:779] 
W0421 11:31:39.992000 139937950667840 torch/distributed/run.py:779] *****************************************
W0421 11:31:39.992000 139937950667840 torch/distributed/run.py:779] Setting OMP_NUM_THREADS environment variable for each process to be 1 in default, to avoid your system being overloaded, please further tune the variable for optimal performance in your application as needed. 
W0421 11:31:39.992000 139937950667840 torch/distributed/run.py:779] *****************************************
Traceback (most recent call last):
  File "/home/hugoz/storage/miniconda3/envs/whisper_env/bin/torchrun", line 8, in <module>
    sys.exit(main())
  File "/home/hugoz/storage/miniconda3/envs/whisper_env/lib/python3.10/site-packages/torch/distributed/elastic/multiprocessing/errors/__init__.py", line 348, in wrapper
    return f(*args, **kwargs)
  File "/home/hugoz/storage/miniconda3/envs/whisper_env/lib/python3.10/site-packages/torch/distributed/run.py", line 901, in main
    run(args)
  File "/home/hugoz/storage/miniconda3/envs/whisper_env/lib/python3.10/site-packages/torch/distributed/run.py", line 892, in run
    elastic_launch(
  File "/home/hugoz/storage/miniconda3/envs/whisper_env/lib/python3.10/site-packages/torch/distributed/launcher/api.py", line 133, in __call__
    return launch_agent(self._config, self._entrypoint, list(args))
  File "/home/hugoz/storage/miniconda3/envs/whisper_env/lib/python3.10/site-packages/torch/distributed/launcher/api.py", line 255, in launch_agent
    result = agent.run()
  File "/home/hugoz/storage/miniconda3/envs/whisper_env/lib/python3.10/site-packages/torch/distributed/elastic/metrics/api.py", line 124, in wrapper
    result = f(*args, **kwargs)
  File "/home/hugoz/storage/miniconda3/envs/whisper_env/lib/python3.10/site-packages/torch/distributed/elastic/agent/server/api.py", line 680, in run
    result = self._invoke_run(role)
  File "/home/hugoz/storage/miniconda3/envs/whisper_env/lib/python3.10/site-packages/torch/distributed/elastic/agent/server/api.py", line 829, in _invoke_run
    self._initialize_workers(self._worker_group)
  File "/home/hugoz/storage/miniconda3/envs/whisper_env/lib/python3.10/site-packages/torch/distributed/elastic/metrics/api.py", line 124, in wrapper
    result = f(*args, **kwargs)
  File "/home/hugoz/storage/miniconda3/envs/whisper_env/lib/python3.10/site-packages/torch/distributed/elastic/agent/server/api.py", line 652, in _initialize_workers
    self._rendezvous(worker_group)
  File "/home/hugoz/storage/miniconda3/envs/whisper_env/lib/python3.10/site-packages/torch/distributed/elastic/metrics/api.py", line 124, in wrapper
    result = f(*args, **kwargs)
  File "/home/hugoz/storage/miniconda3/envs/whisper_env/lib/python3.10/site-packages/torch/distributed/elastic/agent/server/api.py", line 489, in _rendezvous
    rdzv_info = spec.rdzv_handler.next_rendezvous()
  File "/home/hugoz/storage/miniconda3/envs/whisper_env/lib/python3.10/site-packages/torch/distributed/elastic/rendezvous/static_tcp_rendezvous.py", line 66, in next_rendezvous
    self._store = TCPStore(  # type: ignore[call-arg]
RuntimeError: The server socket has failed to listen on any local network address. useIpv6: 0, code: -98, name: EADDRINUSE, message: address already in use
